
ROM used:   932/8192 (11%)
            932/8192 (11%) including unused fragments

            0.7 Average locations per line
            5.5 Average locations per statement

RAM used:   29/1024 (3%) at main() level
            57/1024 (6%) worst case

Stack used: 4 worst case (2 in main + 2 for interrupts)
Stack size: 16

Lines Stmts  %   Files
----- ----- ---  -----
  272   171 100  main16.c
   66     0   0  main16.h
  961     0   0  C:\Program Files (x86)\PICC\Devices\16F1829.h
----- -----
 1299   171 Total

Page ROM  %  RAM   Vol Diff  Functions:
---- --- --- ---   --- ----  ----------
0     21   2    1             @delay_ms1
0     17   2    0             @GETCH_BIU_1
0     18   2    0   115  1.7  off_motor
 Inline         1   221  3.2  set_motor1
0     33   4    1   221  3.2  set_motor2
0    142  15    1   575  6.7  Tmr0_fnc
0    184  20    1   981  7.1  MAIN
0     95  10    9             @PRINTF_LU_115200_111_109
0    335  36    3  3074 13.3  control
0     21   2    5  3015 13.3  @MUL1616
0     37   4    5             @DIV1616
 Inline         3             @DIV88
 Inline         0             @cinit1

Program metrics:
    Functions               7
    Statements              171
    Comments                186
    Volume (V)              10824
    Difficulty (D)          48.3
    Effort to implement (E) 522833
    Time to implement (T)   8 hours, 4 minutes
    Est Delivered Bugs (B)  2
    Cyclomatic Complexity   45
    Maintainability (MI)    129

 Segment     Used  Free
-----------  ----  ----
00000-00002     3  0  
00003-00003     0  1  
00004-0001D    26  0  
0001E-007FF   903  1115  
00800-00FFF     0  2048  
01000-017FF     0  2048  
01800-01FFF     0  2048  



